[2026-02-23T17:53:43.724Z] [INFO] Server 'Server prueba 1' is running on http://localhost:4003
[2026-02-23T17:53:43.736Z] [INFO] Server registrado correctamente
[2026-02-23T17:53:48.746Z] [INFO] Pulso enviado
[2026-02-23T17:53:53.750Z] [INFO] Pulso enviado
[2026-02-23T17:53:58.754Z] [INFO] Pulso enviado
[2026-02-23T17:54:03.757Z] [INFO] Pulso enviado
[2026-02-23T17:54:08.760Z] [INFO] Pulso enviado
[2026-02-23T17:54:13.763Z] [INFO] Pulso enviado
[2026-02-23T17:54:18.766Z] [INFO] Pulso enviado
[2026-02-23T17:54:23.770Z] [INFO] Pulso enviado
[2026-02-23T17:54:28.768Z] [INFO] Pulso enviado
[2026-02-23T17:54:33.773Z] [INFO] Pulso enviado
[2026-02-23T17:54:38.776Z] [INFO] Pulso enviado
[2026-02-23T17:54:43.782Z] [INFO] Pulso enviado
[2026-02-23T17:54:48.781Z] [INFO] Pulso enviado
[2026-02-23T17:54:53.784Z] [INFO] Pulso enviado
[2026-02-23T17:54:58.787Z] [INFO] Pulso enviado
[2026-02-23T17:55:03.790Z] [INFO] Pulso enviado
[2026-02-23T17:55:08.794Z] [INFO] Pulso enviado
[2026-02-23T17:55:13.795Z] [INFO] Pulso enviado
[2026-02-23T17:55:18.800Z] [INFO] Pulso enviado
[2026-02-23T17:55:23.801Z] [INFO] Pulso enviado
[2026-02-23T17:55:28.803Z] [INFO] Pulso enviado
[2026-02-23T17:55:33.808Z] [INFO] Pulso enviado
[2026-02-23T17:55:38.810Z] [INFO] Pulso enviado
[2026-02-23T17:55:43.812Z] [INFO] Pulso enviado
[2026-02-23T17:55:48.818Z] [INFO] Pulso enviado
[2026-02-23T17:55:53.820Z] [INFO] Pulso enviado
[2026-02-23T17:55:58.821Z] [INFO] Pulso enviado
[2026-02-23T17:56:03.824Z] [INFO] Pulso enviado
[2026-02-23T17:56:08.825Z] [INFO] Pulso enviado
[2026-02-23T17:56:13.830Z] [INFO] Pulso enviado
[2026-02-23T17:56:18.830Z] [INFO] Pulso enviado
[2026-02-23T17:56:23.832Z] [INFO] Pulso enviado
[2026-02-23T17:56:28.837Z] [INFO] Pulso enviado
[2026-02-23T17:56:33.838Z] [INFO] Pulso enviado
[2026-02-23T17:56:38.842Z] [INFO] Pulso enviado
[2026-02-23T17:56:43.844Z] [INFO] Pulso enviado
[2026-02-23T17:56:48.848Z] [INFO] Pulso enviado
[2026-02-23T17:56:53.851Z] [INFO] Pulso enviado
[2026-02-23T17:56:58.855Z] [INFO] Pulso enviado
[2026-02-23T17:57:03.857Z] [INFO] Pulso enviado
[2026-02-23T17:57:08.861Z] [INFO] Pulso enviado
[2026-02-23T17:57:13.865Z] [INFO] Pulso enviado
[2026-02-23T17:57:18.869Z] [INFO] Pulso enviado
[2026-02-23T17:57:23.868Z] [INFO] Pulso enviado
[2026-02-23T17:57:28.875Z] [INFO] Pulso enviado
[2026-02-23T17:57:33.879Z] [INFO] Pulso enviado
[2026-02-23T17:57:38.882Z] [INFO] Pulso enviado
[2026-02-23T17:57:43.885Z] [INFO] Pulso enviado
[2026-02-23T17:57:48.887Z] [INFO] Pulso enviado
[2026-02-23T17:57:53.891Z] [INFO] Pulso enviado
[2026-02-23T17:57:58.893Z] [INFO] Pulso enviado
[2026-02-23T17:58:03.895Z] [INFO] Pulso enviado
[2026-02-23T17:58:08.899Z] [INFO] Pulso enviado
[2026-02-23T17:58:13.900Z] [INFO] Pulso enviado
[2026-02-23T17:58:18.905Z] [INFO] Pulso enviado
[2026-02-23T17:58:23.906Z] [INFO] Pulso enviado
[2026-02-23T17:58:28.909Z] [INFO] Pulso enviado
[2026-02-23T17:58:33.914Z] [INFO] Pulso enviado
[2026-02-23T17:58:38.917Z] [INFO] Pulso enviado
[2026-02-23T17:58:43.919Z] [INFO] Pulso enviado
[2026-02-23T17:58:48.921Z] [INFO] Pulso enviado
[2026-02-23T17:58:53.924Z] [INFO] Pulso enviado
[2026-02-23T17:58:58.928Z] [INFO] Pulso enviado
[2026-02-23T17:59:03.930Z] [INFO] Pulso enviado
[2026-02-23T17:59:08.934Z] [INFO] Pulso enviado
[2026-02-23T17:59:13.937Z] [INFO] Pulso enviado
[2026-02-23T17:59:18.939Z] [INFO] Pulso enviado
[2026-02-23T17:59:23.942Z] [INFO] Pulso enviado
[2026-02-23T17:59:28.944Z] [INFO] Pulso enviado
[2026-02-23T17:59:33.947Z] [INFO] Pulso enviado
[2026-02-23T17:59:38.949Z] [INFO] Pulso enviado
[2026-02-23T17:59:43.952Z] [INFO] Pulso enviado
[2026-02-23T17:59:48.954Z] [INFO] Pulso enviado
[2026-02-23T17:59:53.955Z] [INFO] Pulso enviado
[2026-02-23T17:59:58.958Z] [INFO] Pulso enviado
[2026-02-23T18:00:03.960Z] [INFO] Pulso enviado
[2026-02-23T18:00:08.964Z] [INFO] Pulso enviado
[2026-02-23T18:00:13.965Z] [INFO] Pulso enviado
[2026-02-23T18:00:18.968Z] [INFO] Pulso enviado
[2026-02-23T18:00:23.971Z] [INFO] Pulso enviado
[2026-02-23T18:00:28.972Z] [INFO] Pulso enviado
[2026-02-23T18:00:33.975Z] [INFO] Pulso enviado
[2026-02-23T18:00:38.976Z] [INFO] Pulso enviado
[2026-02-23T18:00:43.979Z] [INFO] Pulso enviado
[2026-02-23T18:00:48.981Z] [INFO] Pulso enviado
[2026-02-23T18:00:53.985Z] [INFO] Pulso enviado
[2026-02-23T18:00:58.986Z] [INFO] Pulso enviado
[2026-02-23T18:01:03.987Z] [INFO] Pulso enviado
[2026-02-23T18:01:08.990Z] [INFO] Pulso enviado
[2026-02-23T18:01:13.993Z] [INFO] Pulso enviado
[2026-02-23T18:01:18.995Z] [INFO] Pulso enviado
[2026-02-23T18:01:23.998Z] [INFO] Pulso enviado
[2026-02-23T18:01:29.001Z] [INFO] Pulso enviado
[2026-02-23T18:01:34.004Z] [INFO] Pulso enviado
[2026-02-23T18:01:39.008Z] [INFO] Pulso enviado
[2026-02-23T18:01:44.011Z] [INFO] Pulso enviado
[2026-02-23T18:01:49.014Z] [INFO] Pulso enviado
[2026-02-23T18:01:54.016Z] [INFO] Pulso enviado
[2026-02-23T18:01:59.019Z] [INFO] Pulso enviado
[2026-02-23T18:02:04.021Z] [INFO] Pulso enviado
[2026-02-23T18:02:09.023Z] [INFO] Pulso enviado
[2026-02-23T18:02:14.025Z] [INFO] Pulso enviado
[2026-02-23T18:02:19.030Z] [INFO] Pulso enviado
[2026-02-23T18:02:24.033Z] [INFO] Pulso enviado
[2026-02-23T18:02:29.033Z] [INFO] Pulso enviado
[2026-02-23T18:02:34.035Z] [INFO] Pulso enviado
[2026-02-23T18:02:39.037Z] [INFO] Pulso enviado
[2026-02-23T18:02:44.040Z] [INFO] Pulso enviado
[2026-02-23T18:02:49.042Z] [INFO] Pulso enviado
[2026-02-23T18:02:54.046Z] [INFO] Pulso enviado
[2026-02-23T18:02:59.048Z] [INFO] Pulso enviado
[2026-02-23T18:03:04.050Z] [INFO] Pulso enviado
[2026-02-23T18:03:09.053Z] [INFO] Pulso enviado
[2026-02-23T18:03:14.053Z] [INFO] Pulso enviado
[2026-02-23T18:03:19.057Z] [INFO] Pulso enviado
[2026-02-23T18:03:24.060Z] [INFO] Pulso enviado
[2026-02-23T18:03:29.062Z] [INFO] Pulso enviado
[2026-02-23T18:03:34.066Z] [INFO] Pulso enviado
[2026-02-23T18:03:39.069Z] [INFO] Pulso enviado
[2026-02-23T18:03:44.072Z] [INFO] Pulso enviado
[2026-02-23T18:03:49.073Z] [INFO] Pulso enviado
[2026-02-23T18:03:54.076Z] [INFO] Pulso enviado
[2026-02-23T18:03:59.077Z] [INFO] Pulso enviado
[2026-02-23T18:04:04.081Z] [INFO] Pulso enviado
[2026-02-23T18:04:09.084Z] [INFO] Pulso enviado
[2026-02-23T18:04:14.085Z] [INFO] Pulso enviado
[2026-02-23T18:04:19.090Z] [INFO] Pulso enviado
[2026-02-23T18:04:24.092Z] [INFO] Pulso enviado
[2026-02-23T18:04:29.096Z] [INFO] Pulso enviado
[2026-02-23T18:04:34.097Z] [INFO] Pulso enviado
[2026-02-23T18:04:39.103Z] [INFO] Pulso enviado
[2026-02-23T18:04:44.104Z] [INFO] Pulso enviado
[2026-02-23T18:04:49.108Z] [INFO] Pulso enviado
[2026-02-23T18:04:54.110Z] [INFO] Pulso enviado
[2026-02-23T18:04:59.114Z] [INFO] Pulso enviado
[2026-02-23T18:05:04.115Z] [INFO] Pulso enviado
[2026-02-23T18:05:09.119Z] [INFO] Pulso enviado
[2026-02-23T18:05:14.123Z] [INFO] Pulso enviado
[2026-02-23T18:05:19.127Z] [INFO] Pulso enviado
[2026-02-23T18:05:24.130Z] [INFO] Pulso enviado
[2026-02-23T18:05:29.134Z] [INFO] Pulso enviado
[2026-02-23T18:05:34.136Z] [INFO] Pulso enviado
[2026-02-23T18:05:39.141Z] [INFO] Pulso enviado
[2026-02-23T18:05:44.144Z] [INFO] Pulso enviado
[2026-02-23T18:05:49.148Z] [INFO] Pulso enviado
[2026-02-23T18:05:54.151Z] [INFO] Pulso enviado
[2026-02-23T18:05:59.156Z] [INFO] Pulso enviado
[2026-02-23T18:06:04.158Z] [INFO] Pulso enviado
[2026-02-23T18:06:09.161Z] [INFO] Pulso enviado
[2026-02-23T18:06:14.164Z] [INFO] Pulso enviado
[2026-02-23T18:06:19.170Z] [INFO] Pulso enviado
[2026-02-23T18:06:24.173Z] [INFO] Pulso enviado
[2026-02-23T18:06:29.176Z] [INFO] Pulso enviado
[2026-02-23T18:06:34.177Z] [INFO] Pulso enviado
[2026-02-23T18:06:39.181Z] [INFO] Pulso enviado
[2026-02-23T18:06:44.185Z] [INFO] Pulso enviado
[2026-02-23T18:06:49.189Z] [INFO] Pulso enviado
[2026-02-23T18:06:54.191Z] [INFO] Pulso enviado
[2026-02-23T18:06:59.195Z] [INFO] Pulso enviado
[2026-02-23T18:07:04.199Z] [INFO] Pulso enviado
[2026-02-23T18:07:09.203Z] [INFO] Pulso enviado
[2026-02-23T18:07:14.206Z] [INFO] Pulso enviado
[2026-02-23T18:07:19.209Z] [INFO] Pulso enviado
[2026-02-23T18:07:24.211Z] [INFO] Pulso enviado
[2026-02-23T18:07:29.216Z] [INFO] Pulso enviado
[2026-02-23T18:07:34.220Z] [INFO] Pulso enviado
[2026-02-23T18:07:39.224Z] [INFO] Pulso enviado
[2026-02-23T18:07:44.227Z] [INFO] Pulso enviado
[2026-02-23T18:07:49.231Z] [INFO] Pulso enviado
[2026-02-23T18:07:54.234Z] [INFO] Pulso enviado
[2026-02-23T18:07:59.238Z] [INFO] Pulso enviado
[2026-02-23T18:08:04.240Z] [INFO] Pulso enviado
[2026-02-23T18:08:09.242Z] [INFO] Pulso enviado
[2026-02-23T18:08:14.247Z] [INFO] Pulso enviado
[2026-02-23T18:08:19.250Z] [INFO] Pulso enviado
[2026-02-23T18:08:24.252Z] [INFO] Pulso enviado
[2026-02-23T18:08:29.253Z] [INFO] Pulso enviado
[2026-02-23T18:08:34.257Z] [INFO] Pulso enviado
[2026-02-23T18:08:39.260Z] [INFO] Pulso enviado
[2026-02-23T18:08:44.264Z] [INFO] Pulso enviado
[2026-02-23T18:08:49.268Z] [INFO] Pulso enviado
[2026-02-23T18:08:54.272Z] [INFO] Pulso enviado
[2026-02-23T18:08:59.276Z] [INFO] Pulso enviado
[2026-02-23T18:09:04.281Z] [INFO] Pulso enviado
[2026-02-23T18:09:09.286Z] [INFO] Pulso enviado
[2026-02-23T18:09:14.292Z] [INFO] Pulso enviado
[2026-02-23T18:09:19.296Z] [INFO] Pulso enviado
[2026-02-23T18:09:24.299Z] [INFO] Pulso enviado
[2026-02-23T18:09:29.303Z] [INFO] Pulso enviado
[2026-02-23T18:09:34.308Z] [INFO] Pulso enviado
[2026-02-23T18:09:39.310Z] [INFO] Pulso enviado
[2026-02-23T18:09:44.314Z] [INFO] Pulso enviado
[2026-02-23T18:09:49.319Z] [INFO] Pulso enviado
[2026-02-23T18:09:54.322Z] [INFO] Pulso enviado
[2026-02-23T18:09:59.327Z] [INFO] Pulso enviado
[2026-02-23T18:10:04.332Z] [INFO] Pulso enviado
[2026-02-23T18:10:09.333Z] [INFO] Pulso enviado
[2026-02-23T18:10:14.338Z] [INFO] Pulso enviado
[2026-02-23T18:10:19.340Z] [INFO] Pulso enviado
[2026-02-23T18:10:24.344Z] [INFO] Pulso enviado
[2026-02-23T18:10:29.346Z] [INFO] Pulso enviado
[2026-02-23T18:10:34.350Z] [INFO] Pulso enviado
[2026-02-23T18:10:39.354Z] [INFO] Pulso enviado
[2026-02-23T18:10:44.357Z] [INFO] Pulso enviado
[2026-02-23T18:10:49.361Z] [INFO] Pulso enviado
[2026-02-23T18:10:54.366Z] [INFO] Pulso enviado
[2026-02-23T18:10:59.368Z] [INFO] Pulso enviado
[2026-02-23T18:11:04.372Z] [INFO] Pulso enviado
[2026-02-23T18:11:09.375Z] [INFO] Pulso enviado
[2026-02-23T18:11:14.378Z] [INFO] Pulso enviado
[2026-02-23T18:11:19.383Z] [INFO] Pulso enviado
[2026-02-23T18:11:24.386Z] [INFO] Pulso enviado
[2026-02-23T18:11:29.389Z] [INFO] Pulso enviado
[2026-02-23T18:11:34.393Z] [INFO] Pulso enviado
[2026-02-23T18:11:39.397Z] [INFO] Pulso enviado
[2026-02-23T18:11:44.399Z] [INFO] Pulso enviado
[2026-02-23T18:11:49.403Z] [INFO] Pulso enviado
[2026-02-23T18:11:54.406Z] [INFO] Pulso enviado
[2026-02-23T18:11:59.411Z] [INFO] Pulso enviado
[2026-02-23T18:12:04.414Z] [INFO] Pulso enviado
[2026-02-23T18:12:09.418Z] [INFO] Pulso enviado
[2026-02-23T18:12:14.420Z] [INFO] Pulso enviado
[2026-02-23T18:12:19.422Z] [INFO] Pulso enviado
[2026-02-23T18:12:24.427Z] [INFO] Pulso enviado
[2026-02-23T18:12:29.430Z] [INFO] Pulso enviado
[2026-02-23T18:12:34.433Z] [INFO] Pulso enviado
[2026-02-23T18:12:39.438Z] [INFO] Pulso enviado
[2026-02-23T18:12:44.439Z] [INFO] Pulso enviado
[2026-02-23T18:12:49.443Z] [INFO] Pulso enviado
[2026-02-23T18:12:54.447Z] [INFO] Pulso enviado
[2026-02-23T18:12:59.450Z] [INFO] Pulso enviado
[2026-02-23T18:13:04.455Z] [INFO] Pulso enviado
[2026-02-23T18:13:09.459Z] [INFO] Pulso enviado
[2026-02-23T18:13:14.462Z] [INFO] Pulso enviado
[2026-02-23T18:13:19.467Z] [INFO] Pulso enviado
[2026-02-23T18:13:24.470Z] [INFO] Pulso enviado
[2026-02-23T18:13:29.473Z] [INFO] Pulso enviado
[2026-02-23T18:13:34.479Z] [INFO] Pulso enviado
[2026-02-23T18:13:39.481Z] [INFO] Pulso enviado
[2026-02-23T18:13:44.486Z] [INFO] Pulso enviado
[2026-02-23T18:13:49.488Z] [INFO] Pulso enviado
[2026-02-23T18:13:54.492Z] [INFO] Pulso enviado
[2026-02-23T18:13:59.496Z] [INFO] Pulso enviado
[2026-02-23T18:14:04.499Z] [INFO] Pulso enviado
[2026-02-23T18:14:09.501Z] [INFO] Pulso enviado
[2026-02-23T18:14:14.505Z] [INFO] Pulso enviado
[2026-02-23T18:14:19.508Z] [INFO] Pulso enviado
[2026-02-23T18:14:24.511Z] [INFO] Pulso enviado
[2026-02-23T18:14:29.514Z] [INFO] Pulso enviado
[2026-02-23T18:14:34.518Z] [INFO] Pulso enviado
[2026-02-23T18:14:39.523Z] [INFO] Pulso enviado
[2026-02-23T18:14:44.524Z] [INFO] Pulso enviado
[2026-02-23T18:14:49.527Z] [INFO] Pulso enviado
[2026-02-23T18:14:54.531Z] [INFO] Pulso enviado
[2026-02-23T18:14:59.538Z] [INFO] Pulso enviado
[2026-02-23T18:15:04.542Z] [INFO] Pulso enviado
[2026-02-23T18:15:09.543Z] [INFO] Pulso enviado
[2026-02-23T18:15:14.545Z] [INFO] Pulso enviado
[2026-02-23T18:15:19.550Z] [INFO] Pulso enviado
[2026-02-23T18:15:24.553Z] [INFO] Pulso enviado
[2026-02-23T18:15:29.557Z] [INFO] Pulso enviado
[2026-02-23T18:15:34.561Z] [INFO] Pulso enviado
[2026-02-23T18:15:39.564Z] [INFO] Pulso enviado
[2026-02-23T18:15:44.569Z] [INFO] Pulso enviado
[2026-02-23T18:15:49.571Z] [INFO] Pulso enviado
[2026-02-23T18:15:54.575Z] [INFO] Pulso enviado
[2026-02-23T18:15:59.578Z] [INFO] Pulso enviado
[2026-02-23T18:16:04.581Z] [INFO] Pulso enviado
[2026-02-23T18:16:09.586Z] [INFO] Pulso enviado
[2026-02-23T18:16:14.588Z] [INFO] Pulso enviado
[2026-02-23T18:16:19.589Z] [INFO] Pulso enviado
[2026-02-23T18:16:24.594Z] [INFO] Pulso enviado
[2026-02-23T18:16:29.598Z] [INFO] Pulso enviado
[2026-02-23T18:16:34.602Z] [INFO] Pulso enviado
[2026-02-23T18:16:39.605Z] [INFO] Pulso enviado
[2026-02-23T18:16:44.609Z] [INFO] Pulso enviado
[2026-02-23T18:16:49.612Z] [INFO] Pulso enviado
[2026-02-23T18:16:54.614Z] [INFO] Pulso enviado
[2026-02-23T18:16:59.619Z] [INFO] Pulso enviado
[2026-02-23T18:17:04.623Z] [INFO] Pulso enviado
[2026-02-23T18:17:09.628Z] [INFO] Pulso enviado
[2026-02-23T18:17:14.631Z] [INFO] Pulso enviado
[2026-02-23T18:17:19.635Z] [INFO] Pulso enviado
[2026-02-23T18:17:24.637Z] [INFO] Pulso enviado
[2026-02-23T18:17:29.641Z] [INFO] Pulso enviado
[2026-02-23T18:17:34.643Z] [INFO] Pulso enviado
[2026-02-23T18:17:39.647Z] [INFO] Pulso enviado
[2026-02-23T18:17:44.651Z] [INFO] Pulso enviado
[2026-02-23T18:17:49.654Z] [INFO] Pulso enviado
[2026-02-23T18:17:54.658Z] [INFO] Pulso enviado
[2026-02-23T18:17:59.660Z] [INFO] Pulso enviado
[2026-02-23T18:18:04.664Z] [INFO] Pulso enviado
[2026-02-23T18:18:09.666Z] [INFO] Pulso enviado
[2026-02-23T18:18:14.670Z] [INFO] Pulso enviado
[2026-02-23T18:18:19.675Z] [INFO] Pulso enviado
[2026-02-23T18:18:24.676Z] [INFO] Pulso enviado
[2026-02-23T18:18:29.680Z] [INFO] Pulso enviado
[2026-02-23T18:18:34.684Z] [INFO] Pulso enviado
[2026-02-23T18:18:39.687Z] [INFO] Pulso enviado
[2026-02-23T18:18:44.691Z] [INFO] Pulso enviado
[2026-02-23T18:18:49.696Z] [INFO] Pulso enviado
[2026-02-23T18:18:54.699Z] [INFO] Pulso enviado
[2026-02-23T18:18:59.702Z] [INFO] Pulso enviado
[2026-02-23T18:19:04.706Z] [INFO] Pulso enviado
[2026-02-23T18:19:09.710Z] [INFO] Pulso enviado
[2026-02-23T18:19:14.711Z] [INFO] Pulso enviado
[2026-02-23T18:19:19.716Z] [INFO] Pulso enviado
[2026-02-23T18:19:24.719Z] [INFO] Pulso enviado
[2026-02-23T18:19:29.722Z] [INFO] Pulso enviado
[2026-02-23T18:19:34.726Z] [INFO] Pulso enviado
[2026-02-23T18:19:39.730Z] [INFO] Pulso enviado
[2026-02-23T18:19:44.734Z] [INFO] Pulso enviado
[2026-02-23T18:19:49.737Z] [INFO] Pulso enviado
[2026-02-23T18:19:54.741Z] [INFO] Pulso enviado
[2026-02-23T18:19:59.744Z] [INFO] Pulso enviado
[2026-02-23T18:20:04.748Z] [INFO] Pulso enviado
[2026-02-23T18:20:09.751Z] [INFO] Pulso enviado
[2026-02-23T18:20:14.753Z] [INFO] Pulso enviado
[2026-02-23T18:20:19.757Z] [INFO] Pulso enviado
[2026-02-23T18:20:24.760Z] [INFO] Pulso enviado
[2026-02-23T18:20:29.763Z] [INFO] Pulso enviado
[2026-02-23T18:20:34.768Z] [INFO] Pulso enviado
[2026-02-23T18:20:39.773Z] [INFO] Pulso enviado
[2026-02-23T18:20:44.777Z] [INFO] Pulso enviado
[2026-02-23T18:20:49.782Z] [INFO] Pulso enviado
[2026-02-23T18:20:54.784Z] [INFO] Pulso enviado
[2026-02-23T18:20:59.787Z] [INFO] Pulso enviado
[2026-02-23T18:21:04.790Z] [INFO] Pulso enviado
[2026-02-23T18:21:09.795Z] [INFO] Pulso enviado
[2026-02-23T18:21:14.799Z] [INFO] Pulso enviado
[2026-02-23T18:21:19.801Z] [INFO] Pulso enviado
[2026-02-23T18:21:24.803Z] [INFO] Pulso enviado
[2026-02-23T18:21:29.807Z] [INFO] Pulso enviado
[2026-02-23T18:21:34.811Z] [INFO] Pulso enviado
[2026-02-23T18:21:39.812Z] [INFO] Pulso enviado
[2026-02-23T18:21:44.817Z] [INFO] Pulso enviado
[2026-02-23T18:21:49.820Z] [INFO] Pulso enviado
[2026-02-23T18:21:54.823Z] [INFO] Pulso enviado
[2026-02-23T18:21:59.825Z] [INFO] Pulso enviado
[2026-02-23T18:22:04.830Z] [INFO] Pulso enviado
[2026-02-23T18:22:09.833Z] [INFO] Pulso enviado
[2026-02-23T18:22:14.838Z] [INFO] Pulso enviado
[2026-02-23T18:22:19.840Z] [INFO] Pulso enviado
[2026-02-23T18:22:24.842Z] [INFO] Pulso enviado
[2026-02-23T18:22:29.846Z] [INFO] Pulso enviado
[2026-02-23T18:22:34.850Z] [INFO] Pulso enviado
[2026-02-23T18:22:39.854Z] [INFO] Pulso enviado
[2026-02-23T18:22:44.858Z] [INFO] Pulso enviado
[2026-02-23T18:22:49.862Z] [INFO] Pulso enviado
[2026-02-23T18:22:54.865Z] [INFO] Pulso enviado
[2026-02-23T18:22:59.868Z] [INFO] Pulso enviado
[2026-02-23T18:23:04.872Z] [INFO] Pulso enviado
[2026-02-23T18:23:09.875Z] [INFO] Pulso enviado
[2026-02-23T18:23:14.880Z] [INFO] Pulso enviado
[2026-02-23T18:23:19.883Z] [INFO] Pulso enviado
[2026-02-23T18:23:24.886Z] [INFO] Pulso enviado
[2026-02-23T18:23:29.887Z] [INFO] Pulso enviado
[2026-02-23T18:23:34.890Z] [INFO] Pulso enviado
[2026-02-23T18:23:39.894Z] [INFO] Pulso enviado
[2026-02-23T18:23:44.897Z] [INFO] Pulso enviado
[2026-02-23T18:23:49.901Z] [INFO] Pulso enviado
[2026-02-23T18:23:54.905Z] [INFO] Pulso enviado
[2026-02-23T18:23:59.909Z] [INFO] Pulso enviado
[2026-02-23T18:24:04.913Z] [INFO] Pulso enviado
[2026-02-23T18:24:09.916Z] [INFO] Pulso enviado
[2026-02-23T18:24:14.920Z] [INFO] Pulso enviado
[2026-02-23T18:24:19.923Z] [INFO] Pulso enviado
[2026-02-23T18:24:24.927Z] [INFO] Pulso enviado
[2026-02-23T18:24:29.931Z] [INFO] Pulso enviado
[2026-02-23T18:24:34.934Z] [INFO] Pulso enviado
[2026-02-23T18:24:39.937Z] [INFO] Pulso enviado
[2026-02-23T18:24:44.942Z] [INFO] Pulso enviado
[2026-02-23T18:24:49.945Z] [INFO] Pulso enviado
[2026-02-23T18:24:54.949Z] [INFO] Pulso enviado
[2026-02-23T18:24:59.950Z] [INFO] Pulso enviado
[2026-02-23T18:25:04.955Z] [INFO] Pulso enviado
[2026-02-23T18:25:09.959Z] [INFO] Pulso enviado
[2026-02-23T18:25:14.963Z] [INFO] Pulso enviado
[2026-02-23T18:25:19.966Z] [INFO] Pulso enviado
[2026-02-23T18:25:24.970Z] [INFO] Pulso enviado
[2026-02-23T18:25:29.975Z] [INFO] Pulso enviado
[2026-02-23T18:25:34.980Z] [INFO] Pulso enviado
[2026-02-23T18:25:39.984Z] [INFO] Pulso enviado
[2026-02-23T18:25:44.986Z] [INFO] Pulso enviado
[2026-02-23T18:25:49.991Z] [INFO] Pulso enviado
[2026-02-23T18:25:54.995Z] [INFO] Pulso enviado
[2026-02-23T18:25:59.998Z] [INFO] Pulso enviado
[2026-02-23T18:26:05.002Z] [INFO] Pulso enviado
[2026-02-23T18:26:10.005Z] [INFO] Pulso enviado
[2026-02-23T18:26:15.008Z] [INFO] Pulso enviado
[2026-02-23T18:26:20.012Z] [INFO] Pulso enviado
[2026-02-23T18:26:25.015Z] [INFO] Pulso enviado
[2026-02-23T18:26:30.017Z] [INFO] Pulso enviado
[2026-02-23T18:26:35.022Z] [INFO] Pulso enviado
[2026-02-23T18:26:40.024Z] [INFO] Pulso enviado
[2026-02-23T18:26:45.029Z] [INFO] Pulso enviado
[2026-02-23T18:26:50.032Z] [INFO] Pulso enviado
[2026-02-23T18:26:55.036Z] [INFO] Pulso enviado
[2026-02-23T18:27:00.038Z] [INFO] Pulso enviado
[2026-02-23T18:27:05.042Z] [INFO] Pulso enviado
[2026-02-23T18:27:10.045Z] [INFO] Pulso enviado
[2026-02-23T18:27:15.049Z] [INFO] Pulso enviado
[2026-02-23T18:27:20.053Z] [INFO] Pulso enviado
[2026-02-23T18:27:25.054Z] [INFO] Pulso enviado
[2026-02-23T18:27:30.058Z] [INFO] Pulso enviado
[2026-02-23T18:27:35.061Z] [INFO] Pulso enviado
[2026-02-23T18:27:40.063Z] [INFO] Pulso enviado
[2026-02-23T18:27:45.067Z] [INFO] Pulso enviado
[2026-02-23T18:27:50.071Z] [INFO] Pulso enviado
[2026-02-23T18:27:55.075Z] [INFO] Pulso enviado
[2026-02-23T18:28:00.078Z] [INFO] Pulso enviado
[2026-02-23T18:28:05.081Z] [INFO] Pulso enviado
[2026-02-23T18:28:10.083Z] [INFO] Pulso enviado
[2026-02-23T18:28:15.087Z] [INFO] Pulso enviado
[2026-02-23T18:28:20.089Z] [INFO] Pulso enviado
[2026-02-23T18:28:25.094Z] [INFO] Pulso enviado
[2026-02-23T18:28:30.096Z] [INFO] Pulso enviado
[2026-02-23T18:28:35.100Z] [INFO] Pulso enviado
[2026-02-23T18:28:40.103Z] [INFO] Pulso enviado
[2026-02-23T18:28:45.107Z] [INFO] Pulso enviado
[2026-02-23T18:28:50.109Z] [INFO] Pulso enviado
[2026-02-23T18:28:55.112Z] [INFO] Pulso enviado
[2026-02-23T18:29:00.117Z] [INFO] Pulso enviado
[2026-02-23T18:29:05.121Z] [INFO] Pulso enviado
[2026-02-23T18:29:10.125Z] [INFO] Pulso enviado
[2026-02-23T18:29:15.129Z] [INFO] Pulso enviado
[2026-02-23T18:29:20.133Z] [INFO] Pulso enviado
[2026-02-23T18:29:25.137Z] [INFO] Pulso enviado
[2026-02-23T18:29:30.141Z] [INFO] Pulso enviado
[2026-02-23T18:29:35.143Z] [INFO] Pulso enviado
[2026-02-23T18:29:40.145Z] [INFO] Pulso enviado
[2026-02-23T18:29:45.149Z] [INFO] Pulso enviado
[2026-02-23T18:29:50.153Z] [INFO] Pulso enviado
[2026-02-23T18:29:55.157Z] [INFO] Pulso enviado
[2026-02-23T18:30:00.159Z] [INFO] Pulso enviado
[2026-02-23T18:30:05.174Z] [INFO] Pulso enviado
[2026-02-23T18:30:10.178Z] [INFO] Pulso enviado
[2026-02-23T18:30:15.181Z] [INFO] Pulso enviado
[2026-02-23T18:30:20.183Z] [INFO] Pulso enviado
[2026-02-25T18:54:02.771Z] [INFO] Server 'Server prueba 1' is running on http://localhost:4005
[2026-02-25T18:54:03.212Z] [INFO] Server registrado correctamente
[2026-02-25T18:54:08.761Z] [INFO] Pulso enviado
[2026-02-25T18:54:13.422Z] [INFO] Pulso enviado
[2026-02-25T18:54:18.422Z] [INFO] Pulso enviado
[2026-02-25T18:54:23.422Z] [INFO] Pulso enviado
[2026-02-25T18:54:28.432Z] [INFO] Pulso enviado
[2026-02-25T18:54:33.421Z] [INFO] Pulso enviado
[2026-02-25T18:54:38.431Z] [INFO] Pulso enviado
[2026-02-25T18:54:43.550Z] [INFO] Pulso enviado
[2026-02-25T21:19:56.340Z] [INFO] Server 'Server prueba 1' is running on http://localhost:4000
[2026-02-25T21:19:56.944Z] [INFO] Server registrado correctamente
[2026-02-25T21:20:02.372Z] [INFO] Pulso enviado
[2026-02-25T21:20:07.157Z] [INFO] Pulso enviado
[2026-02-25T21:20:12.173Z] [INFO] Pulso enviado
[2026-02-25T21:20:17.151Z] [INFO] Pulso enviado
[2026-02-25T21:20:22.161Z] [INFO] Pulso enviado
[2026-02-25T21:20:27.256Z] [INFO] Pulso enviado
[2026-02-25T21:20:32.203Z] [INFO] Pulso enviado
[2026-02-25T21:20:37.157Z] [INFO] Pulso enviado
[2026-02-25T21:20:42.316Z] [INFO] Pulso enviado
[2026-02-25T21:20:47.191Z] [INFO] Pulso enviado
[2026-02-25T21:20:52.180Z] [INFO] Pulso enviado
[2026-02-25T21:20:57.302Z] [INFO] Pulso enviado
[2026-02-25T21:21:02.187Z] [INFO] Pulso enviado
[2026-02-25T21:21:07.166Z] [INFO] Pulso enviado
[2026-02-25T21:21:12.209Z] [INFO] Pulso enviado
[2026-02-25T21:21:17.166Z] [INFO] Pulso enviado
[2026-02-25T21:21:22.222Z] [INFO] Pulso enviado
[2026-02-25T21:21:27.183Z] [INFO] Pulso enviado
[2026-02-25T21:21:32.172Z] [INFO] Pulso enviado
[2026-02-25T21:21:37.006Z] [ERROR] Error enviando pulso: socket hang up
[2026-02-25T21:21:42.285Z] [ERROR] Error enviando pulso: Request failed with status code 404
[2026-02-25T21:21:47.316Z] [ERROR] Error enviando pulso: Request failed with status code 404
[2026-02-25T21:22:20.854Z] [INFO] Server 'Server prueba 1' is running on http://localhost:4002
[2026-02-25T21:22:21.270Z] [INFO] Server registrado correctamente
[2026-02-25T21:22:26.785Z] [INFO] Pulso enviado
[2026-02-25T21:22:31.485Z] [INFO] Pulso enviado
[2026-02-25T21:22:36.525Z] [INFO] Pulso enviado
[2026-02-25T21:22:41.498Z] [INFO] Pulso enviado
[2026-02-25T21:22:46.480Z] [INFO] Pulso enviado
[2026-02-25T21:22:51.484Z] [INFO] Pulso enviado
[2026-02-25T21:22:56.492Z] [INFO] Pulso enviado
[2026-02-25T21:23:01.608Z] [INFO] Pulso enviado
[2026-02-25T21:23:06.508Z] [INFO] Pulso enviado
[2026-02-25T21:23:11.492Z] [INFO] Pulso enviado
[2026-02-25T21:23:16.506Z] [INFO] Pulso enviado
[2026-02-25T21:23:21.527Z] [INFO] Pulso enviado
[2026-02-25T21:23:26.487Z] [INFO] Pulso enviado
[2026-02-25T21:23:31.485Z] [INFO] Pulso enviado
[2026-02-25T21:23:36.497Z] [INFO] Pulso enviado
[2026-02-25T21:23:41.559Z] [INFO] Pulso enviado
[2026-02-25T21:23:46.490Z] [INFO] Pulso enviado
[2026-02-25T21:23:51.490Z] [INFO] Pulso enviado
[2026-02-25T21:23:56.698Z] [INFO] Pulso enviado
[2026-02-25T21:24:01.498Z] [INFO] Pulso enviado
[2026-02-25T21:24:06.500Z] [INFO] Pulso enviado
[2026-02-25T21:24:11.598Z] [INFO] Pulso enviado
[2026-02-25T21:24:16.501Z] [INFO] Pulso enviado
[2026-02-25T21:24:21.489Z] [INFO] Pulso enviado
[2026-02-25T21:24:26.494Z] [INFO] Pulso enviado
[2026-02-25T21:24:31.498Z] [INFO] Pulso enviado
[2026-02-25T21:24:36.580Z] [INFO] Pulso enviado
[2026-02-25T21:24:41.500Z] [INFO] Pulso enviado
[2026-02-25T21:24:46.510Z] [INFO] Pulso enviado
[2026-02-25T21:24:51.627Z] [INFO] Pulso enviado
[2026-02-25T21:24:56.550Z] [INFO] Pulso enviado
[2026-02-25T21:25:01.532Z] [INFO] Pulso enviado
[2026-02-25T21:25:06.796Z] [INFO] Pulso enviado
[2026-02-25T21:25:11.515Z] [INFO] Pulso enviado
[2026-02-25T21:25:16.509Z] [INFO] Pulso enviado
[2026-02-25T21:25:21.305Z] [INFO] Servidor Server prueba 1 detenido
